{"D:\\learn Epam\\cinema-app\\src\\client\\components\\description\\Description.js": {"path":"D:\\learn Epam\\cinema-app\\src\\client\\components\\description\\Description.js","statementMap":{"0":{"start":{"line":11,"column":4},"end":{"line":11,"column":17}},"1":{"start":{"line":12,"column":4},"end":{"line":12,"column":27}},"2":{"start":{"line":13,"column":4},"end":{"line":24,"column":5}},"3":{"start":{"line":28,"column":4},"end":{"line":34,"column":6}},"4":{"start":{"line":29,"column":6},"end":{"line":33,"column":7}},"5":{"start":{"line":30,"column":8},"end":{"line":32,"column":10}},"6":{"start":{"line":38,"column":4},"end":{"line":38,"column":26}},"7":{"start":{"line":42,"column":4},"end":{"line":47,"column":5}}},"fnMap":{"0":{"name":"(anonymous_0)","decl":{"start":{"line":10,"column":2},"end":{"line":10,"column":3}},"loc":{"start":{"line":10,"column":21},"end":{"line":25,"column":3}},"line":10},"1":{"name":"(anonymous_1)","decl":{"start":{"line":27,"column":2},"end":{"line":27,"column":3}},"loc":{"start":{"line":27,"column":22},"end":{"line":35,"column":3}},"line":27},"2":{"name":"(anonymous_2)","decl":{"start":{"line":28,"column":25},"end":{"line":28,"column":26}},"loc":{"start":{"line":28,"column":34},"end":{"line":34,"column":5}},"line":28},"3":{"name":"(anonymous_3)","decl":{"start":{"line":37,"column":2},"end":{"line":37,"column":3}},"loc":{"start":{"line":37,"column":25},"end":{"line":39,"column":3}},"line":37},"4":{"name":"(anonymous_4)","decl":{"start":{"line":41,"column":2},"end":{"line":41,"column":3}},"loc":{"start":{"line":41,"column":11},"end":{"line":48,"column":3}},"line":41}},"branchMap":{"0":{"loc":{"start":{"line":29,"column":6},"end":{"line":33,"column":7}},"type":"if","locations":[{"start":{"line":29,"column":6},"end":{"line":33,"column":7}},{"start":{"line":29,"column":6},"end":{"line":33,"column":7}}],"line":29}},"s":{"0":0,"1":0,"2":0,"3":0,"4":0,"5":0,"6":0,"7":0},"f":{"0":0,"1":0,"2":0,"3":0,"4":0},"b":{"0":[0,0]},"_coverageSchema":"1a1c01bbd47fc00a2c39e90264f33305004495a9","hash":"8e3436c521528b3a982a3a57721f5417d4a0ad9d"}
,"D:\\learn Epam\\cinema-app\\src\\client\\components\\description\\head\\Head.js": {"path":"D:\\learn Epam\\cinema-app\\src\\client\\components\\description\\head\\Head.js","statementMap":{"0":{"start":{"line":6,"column":13},"end":{"line":24,"column":1}},"1":{"start":{"line":12,"column":6},"end":{"line":12,"column":11}},"2":{"start":{"line":14,"column":2},"end":{"line":23,"column":3}},"3":{"start":{"line":26,"column":0},"end":{"line":28,"column":1}},"4":{"start":{"line":30,"column":0},"end":{"line":34,"column":1}}},"fnMap":{"0":{"name":"(anonymous_0)","decl":{"start":{"line":6,"column":13},"end":{"line":6,"column":14}},"loc":{"start":{"line":6,"column":24},"end":{"line":24,"column":1}},"line":6}},"branchMap":{},"s":{"0":2,"1":2,"2":2,"3":2,"4":2},"f":{"0":2},"b":{},"_coverageSchema":"1a1c01bbd47fc00a2c39e90264f33305004495a9","hash":"9d5a88344c11f1a66bb6f626dbaf302014471d34"}
,"D:\\learn Epam\\cinema-app\\src\\client\\components\\description\\specification\\Specification.js": {"path":"D:\\learn Epam\\cinema-app\\src\\client\\components\\description\\specification\\Specification.js","statementMap":{"0":{"start":{"line":5,"column":22},"end":{"line":42,"column":1}},"1":{"start":{"line":17,"column":6},"end":{"line":17,"column":11}},"2":{"start":{"line":19,"column":2},"end":{"line":41,"column":3}},"3":{"start":{"line":44,"column":0},"end":{"line":46,"column":1}}},"fnMap":{"0":{"name":"(anonymous_0)","decl":{"start":{"line":5,"column":22},"end":{"line":5,"column":23}},"loc":{"start":{"line":5,"column":33},"end":{"line":42,"column":1}},"line":5}},"branchMap":{},"s":{"0":2,"1":2,"2":2,"3":2},"f":{"0":2},"b":{},"_coverageSchema":"1a1c01bbd47fc00a2c39e90264f33305004495a9","hash":"dcb42f4294e612da4f8e1c5b6c3ff4bd3ad9c9fe"}
,"D:\\learn Epam\\cinema-app\\src\\client\\components\\footer\\Footer.js": {"path":"D:\\learn Epam\\cinema-app\\src\\client\\components\\footer\\Footer.js","statementMap":{"0":{"start":{"line":4,"column":15},"end":{"line":17,"column":1}},"1":{"start":{"line":10,"column":6},"end":{"line":10,"column":11}},"2":{"start":{"line":12,"column":2},"end":{"line":16,"column":3}}},"fnMap":{"0":{"name":"(anonymous_0)","decl":{"start":{"line":4,"column":15},"end":{"line":4,"column":16}},"loc":{"start":{"line":4,"column":26},"end":{"line":17,"column":1}},"line":4}},"branchMap":{},"s":{"0":1,"1":1,"2":1},"f":{"0":1},"b":{},"_coverageSchema":"1a1c01bbd47fc00a2c39e90264f33305004495a9","hash":"e87e0a241208714b880afb2e9951e5d774117ae8"}
,"D:\\learn Epam\\cinema-app\\src\\client\\components\\header\\Header.js": {"path":"D:\\learn Epam\\cinema-app\\src\\client\\components\\header\\Header.js","statementMap":{"0":{"start":{"line":6,"column":15},"end":{"line":26,"column":1}},"1":{"start":{"line":13,"column":6},"end":{"line":13,"column":11}},"2":{"start":{"line":15,"column":2},"end":{"line":25,"column":4}},"3":{"start":{"line":28,"column":0},"end":{"line":30,"column":1}},"4":{"start":{"line":32,"column":0},"end":{"line":37,"column":1}}},"fnMap":{"0":{"name":"(anonymous_0)","decl":{"start":{"line":6,"column":15},"end":{"line":6,"column":16}},"loc":{"start":{"line":6,"column":26},"end":{"line":26,"column":1}},"line":6}},"branchMap":{},"s":{"0":1,"1":1,"2":1,"3":1,"4":1},"f":{"0":1},"b":{},"_coverageSchema":"1a1c01bbd47fc00a2c39e90264f33305004495a9","hash":"6d23652e31350aad7634621487b58532e1ede334"}
,"D:\\learn Epam\\cinema-app\\src\\client\\components\\header\\search\\Search.js": {"path":"D:\\learn Epam\\cinema-app\\src\\client\\components\\header\\search\\Search.js","statementMap":{"0":{"start":{"line":9,"column":4},"end":{"line":9,"column":17}},"1":{"start":{"line":10,"column":4},"end":{"line":19,"column":5}},"2":{"start":{"line":21,"column":4},"end":{"line":29,"column":5}},"3":{"start":{"line":22,"column":6},"end":{"line":28,"column":8}},"4":{"start":{"line":23,"column":50},"end":{"line":23,"column":59}},"5":{"start":{"line":24,"column":8},"end":{"line":27,"column":9}},"6":{"start":{"line":34,"column":21},"end":{"line":37,"column":6}},"7":{"start":{"line":39,"column":22},"end":{"line":42,"column":6}},"8":{"start":{"line":44,"column":4},"end":{"line":65,"column":5}},"9":{"start":{"line":55,"column":35},"end":{"line":55,"column":57}},"10":{"start":{"line":60,"column":35},"end":{"line":60,"column":58}}},"fnMap":{"0":{"name":"(anonymous_0)","decl":{"start":{"line":8,"column":2},"end":{"line":8,"column":3}},"loc":{"start":{"line":8,"column":21},"end":{"line":30,"column":3}},"line":8},"1":{"name":"(anonymous_1)","decl":{"start":{"line":21,"column":23},"end":{"line":21,"column":24}},"loc":{"start":{"line":21,"column":42},"end":{"line":29,"column":5}},"line":21},"2":{"name":"(anonymous_2)","decl":{"start":{"line":22,"column":20},"end":{"line":22,"column":21}},"loc":{"start":{"line":22,"column":35},"end":{"line":28,"column":7}},"line":22},"3":{"name":"(anonymous_3)","decl":{"start":{"line":32,"column":2},"end":{"line":32,"column":3}},"loc":{"start":{"line":32,"column":11},"end":{"line":66,"column":3}},"line":32},"4":{"name":"(anonymous_4)","decl":{"start":{"line":55,"column":27},"end":{"line":55,"column":28}},"loc":{"start":{"line":55,"column":33},"end":{"line":55,"column":59}},"line":55},"5":{"name":"(anonymous_5)","decl":{"start":{"line":60,"column":27},"end":{"line":60,"column":28}},"loc":{"start":{"line":60,"column":33},"end":{"line":60,"column":60}},"line":60}},"branchMap":{},"s":{"0":1,"1":1,"2":1,"3":2,"4":2,"5":2,"6":3,"7":3,"8":3,"9":1,"10":1},"f":{"0":1,"1":2,"2":2,"3":3,"4":1,"5":1},"b":{},"_coverageSchema":"1a1c01bbd47fc00a2c39e90264f33305004495a9","hash":"5bd5984a9aec2abe81f58617107fa207cc904db2"}
,"D:\\learn Epam\\cinema-app\\src\\client\\components\\movies\\Movie\\Movie.js": {"path":"D:\\learn Epam\\cinema-app\\src\\client\\components\\movies\\Movie\\Movie.js","statementMap":{"0":{"start":{"line":4,"column":14},"end":{"line":32,"column":1}},"1":{"start":{"line":14,"column":6},"end":{"line":14,"column":11}},"2":{"start":{"line":16,"column":2},"end":{"line":31,"column":3}}},"fnMap":{"0":{"name":"(anonymous_0)","decl":{"start":{"line":4,"column":14},"end":{"line":4,"column":15}},"loc":{"start":{"line":4,"column":25},"end":{"line":32,"column":1}},"line":4}},"branchMap":{},"s":{"0":1,"1":1,"2":1},"f":{"0":1},"b":{},"_coverageSchema":"1a1c01bbd47fc00a2c39e90264f33305004495a9","hash":"aeec80299685e6a583d6fe50efd299ff35e95b47"}
,"D:\\learn Epam\\cinema-app\\src\\client\\components\\shared\\toggleButton\\ToggleButton.js": {"path":"D:\\learn Epam\\cinema-app\\src\\client\\components\\shared\\toggleButton\\ToggleButton.js","statementMap":{"0":{"start":{"line":4,"column":21},"end":{"line":21,"column":1}},"1":{"start":{"line":10,"column":6},"end":{"line":10,"column":11}},"2":{"start":{"line":12,"column":2},"end":{"line":20,"column":3}},"3":{"start":{"line":23,"column":0},"end":{"line":27,"column":1}}},"fnMap":{"0":{"name":"(anonymous_0)","decl":{"start":{"line":4,"column":21},"end":{"line":4,"column":22}},"loc":{"start":{"line":4,"column":32},"end":{"line":21,"column":1}},"line":4}},"branchMap":{},"s":{"0":2,"1":6,"2":6,"3":2},"f":{"0":6},"b":{},"_coverageSchema":"1a1c01bbd47fc00a2c39e90264f33305004495a9","hash":"c330d354dd89eb0956c582baffd8bb37ef50052b"}
,"D:\\learn Epam\\cinema-app\\src\\client\\store\\store.js": {"path":"D:\\learn Epam\\cinema-app\\src\\client\\store\\store.js","statementMap":{"0":{"start":{"line":2,"column":0},"end":{"line":70,"column":1}},"1":{"start":{"line":73,"column":2},"end":{"line":81,"column":4}},"2":{"start":{"line":74,"column":4},"end":{"line":80,"column":5}},"3":{"start":{"line":75,"column":6},"end":{"line":77,"column":14}},"4":{"start":{"line":76,"column":8},"end":{"line":76,"column":29}},"5":{"start":{"line":79,"column":6},"end":{"line":79,"column":31}},"6":{"start":{"line":85,"column":2},"end":{"line":99,"column":3}},"7":{"start":{"line":86,"column":4},"end":{"line":97,"column":5}},"8":{"start":{"line":87,"column":6},"end":{"line":94,"column":15}},"9":{"start":{"line":88,"column":8},"end":{"line":93,"column":11}},"10":{"start":{"line":89,"column":10},"end":{"line":91,"column":11}},"11":{"start":{"line":90,"column":12},"end":{"line":90,"column":24}},"12":{"start":{"line":92,"column":10},"end":{"line":92,"column":23}},"13":{"start":{"line":96,"column":6},"end":{"line":96,"column":31}}},"fnMap":{"0":{"name":"getAllMovies","decl":{"start":{"line":72,"column":16},"end":{"line":72,"column":28}},"loc":{"start":{"line":72,"column":31},"end":{"line":82,"column":1}},"line":72},"1":{"name":"(anonymous_1)","decl":{"start":{"line":73,"column":21},"end":{"line":73,"column":22}},"loc":{"start":{"line":73,"column":42},"end":{"line":81,"column":3}},"line":73},"2":{"name":"(anonymous_2)","decl":{"start":{"line":75,"column":17},"end":{"line":75,"column":18}},"loc":{"start":{"line":75,"column":23},"end":{"line":77,"column":7}},"line":75},"3":{"name":"getMovieById","decl":{"start":{"line":84,"column":16},"end":{"line":84,"column":28}},"loc":{"start":{"line":84,"column":33},"end":{"line":100,"column":1}},"line":84},"4":{"name":"(anonymous_4)","decl":{"start":{"line":85,"column":21},"end":{"line":85,"column":22}},"loc":{"start":{"line":85,"column":42},"end":{"line":98,"column":3}},"line":85},"5":{"name":"(anonymous_5)","decl":{"start":{"line":87,"column":17},"end":{"line":87,"column":18}},"loc":{"start":{"line":87,"column":23},"end":{"line":94,"column":7}},"line":87},"6":{"name":"(anonymous_6)","decl":{"start":{"line":88,"column":33},"end":{"line":88,"column":34}},"loc":{"start":{"line":88,"column":44},"end":{"line":93,"column":9}},"line":88}},"branchMap":{"0":{"loc":{"start":{"line":74,"column":4},"end":{"line":80,"column":5}},"type":"if","locations":[{"start":{"line":74,"column":4},"end":{"line":80,"column":5}},{"start":{"line":74,"column":4},"end":{"line":80,"column":5}}],"line":74},"1":{"loc":{"start":{"line":86,"column":4},"end":{"line":97,"column":5}},"type":"if","locations":[{"start":{"line":86,"column":4},"end":{"line":97,"column":5}},{"start":{"line":86,"column":4},"end":{"line":97,"column":5}}],"line":86},"2":{"loc":{"start":{"line":89,"column":10},"end":{"line":91,"column":11}},"type":"if","locations":[{"start":{"line":89,"column":10},"end":{"line":91,"column":11}},{"start":{"line":89,"column":10},"end":{"line":91,"column":11}}],"line":89}},"s":{"0":2,"1":0,"2":0,"3":0,"4":0,"5":0,"6":0,"7":0,"8":0,"9":0,"10":0,"11":0,"12":0,"13":0},"f":{"0":0,"1":0,"2":0,"3":0,"4":0,"5":0,"6":0},"b":{"0":[0,0],"1":[0,0],"2":[0,0]},"_coverageSchema":"1a1c01bbd47fc00a2c39e90264f33305004495a9","hash":"ae8a6f6c2edd7c4a6da5b89d8b9de9361a5d35fb"}
}
