TN:
SF:src\client\components\description\Description.js
FN:10,(anonymous_0)
FN:27,(anonymous_1)
FN:28,(anonymous_2)
FN:37,(anonymous_3)
FN:41,(anonymous_4)
FNF:5
FNH:0
FNDA:0,(anonymous_0)
FNDA:0,(anonymous_1)
FNDA:0,(anonymous_2)
FNDA:0,(anonymous_3)
FNDA:0,(anonymous_4)
DA:11,0
DA:12,0
DA:13,0
DA:28,0
DA:29,0
DA:30,0
DA:38,0
DA:42,0
LF:8
LH:0
BRDA:29,0,0,0
BRDA:29,0,1,0
BRF:2
BRH:0
end_of_record
TN:
SF:src\client\components\description\head\Head.js
FN:6,(anonymous_0)
FNF:1
FNH:1
FNDA:2,(anonymous_0)
DA:6,2
DA:12,2
DA:14,2
DA:26,2
DA:30,2
LF:5
LH:5
BRF:0
BRH:0
end_of_record
TN:
SF:src\client\components\description\specification\Specification.js
FN:5,(anonymous_0)
FNF:1
FNH:1
FNDA:2,(anonymous_0)
DA:5,2
DA:17,2
DA:19,2
DA:44,2
LF:4
LH:4
BRF:0
BRH:0
end_of_record
TN:
SF:src\client\components\footer\Footer.js
FN:4,(anonymous_0)
FNF:1
FNH:1
FNDA:1,(anonymous_0)
DA:4,1
DA:10,1
DA:12,1
LF:3
LH:3
BRF:0
BRH:0
end_of_record
TN:
SF:src\client\components\header\Header.js
FN:6,(anonymous_0)
FNF:1
FNH:1
FNDA:1,(anonymous_0)
DA:6,1
DA:13,1
DA:15,1
DA:28,1
DA:32,1
LF:5
LH:5
BRF:0
BRH:0
end_of_record
TN:
SF:src\client\components\header\search\Search.js
FN:8,(anonymous_0)
FN:21,(anonymous_1)
FN:22,(anonymous_2)
FN:32,(anonymous_3)
FN:55,(anonymous_4)
FN:60,(anonymous_5)
FNF:6
FNH:6
FNDA:1,(anonymous_0)
FNDA:2,(anonymous_1)
FNDA:2,(anonymous_2)
FNDA:3,(anonymous_3)
FNDA:1,(anonymous_4)
FNDA:1,(anonymous_5)
DA:9,1
DA:10,1
DA:21,1
DA:22,2
DA:23,2
DA:24,2
DA:34,3
DA:39,3
DA:44,3
DA:55,1
DA:60,1
LF:11
LH:11
BRF:0
BRH:0
end_of_record
TN:
SF:src\client\components\movies\Movie\Movie.js
FN:4,(anonymous_0)
FNF:1
FNH:1
FNDA:1,(anonymous_0)
DA:4,1
DA:14,1
DA:16,1
LF:3
LH:3
BRF:0
BRH:0
end_of_record
TN:
SF:src\client\components\shared\toggleButton\ToggleButton.js
FN:4,(anonymous_0)
FNF:1
FNH:1
FNDA:6,(anonymous_0)
DA:4,2
DA:10,6
DA:12,6
DA:23,2
LF:4
LH:4
BRF:0
BRH:0
end_of_record
TN:
SF:src\client\store\store.js
FN:72,getAllMovies
FN:73,(anonymous_1)
FN:75,(anonymous_2)
FN:84,getMovieById
FN:85,(anonymous_4)
FN:87,(anonymous_5)
FN:88,(anonymous_6)
FNF:7
FNH:0
FNDA:0,getAllMovies
FNDA:0,(anonymous_1)
FNDA:0,(anonymous_2)
FNDA:0,getMovieById
FNDA:0,(anonymous_4)
FNDA:0,(anonymous_5)
FNDA:0,(anonymous_6)
DA:2,2
DA:73,0
DA:74,0
DA:75,0
DA:76,0
DA:79,0
DA:85,0
DA:86,0
DA:87,0
DA:88,0
DA:89,0
DA:90,0
DA:92,0
DA:96,0
LF:14
LH:1
BRDA:74,0,0,0
BRDA:74,0,1,0
BRDA:86,1,0,0
BRDA:86,1,1,0
BRDA:89,2,0,0
BRDA:89,2,1,0
BRF:6
BRH:0
end_of_record
