TN:
SF:src\client\components\description\Description.js
FN:10,(anonymous_0)
FN:27,(anonymous_1)
FN:28,(anonymous_2)
FN:37,(anonymous_3)
FN:41,(anonymous_4)
FNF:5
FNH:3
FNDA:3,(anonymous_0)
FNDA:3,(anonymous_1)
FNDA:0,(anonymous_2)
FNDA:0,(anonymous_3)
FNDA:3,(anonymous_4)
DA:11,3
DA:12,3
DA:13,3
DA:28,3
DA:29,0
DA:30,0
DA:38,0
DA:42,3
LF:8
LH:5
BRDA:29,0,0,0
BRDA:29,0,1,0
BRF:2
BRH:0
end_of_record
TN:
SF:src\client\components\description\head\Head.js
FN:6,(anonymous_0)
FNF:1
FNH:1
FNDA:5,(anonymous_0)
DA:6,2
DA:12,5
DA:14,5
DA:26,2
DA:30,2
LF:5
LH:5
BRF:0
BRH:0
end_of_record
TN:
SF:src\client\components\description\specification\Specification.js
FN:5,(anonymous_0)
FNF:1
FNH:1
FNDA:5,(anonymous_0)
DA:5,2
DA:17,5
DA:19,5
DA:44,2
LF:4
LH:4
BRF:0
BRH:0
end_of_record
TN:
SF:src\client\components\footer\Footer.js
FN:4,(anonymous_0)
FNF:1
FNH:1
FNDA:1,(anonymous_0)
DA:4,1
DA:10,1
DA:12,1
LF:3
LH:3
BRF:0
BRH:0
end_of_record
TN:
SF:src\client\components\header\Header.js
FN:6,(anonymous_0)
FNF:1
FNH:1
FNDA:1,(anonymous_0)
DA:6,1
DA:13,1
DA:15,1
DA:28,1
DA:32,1
LF:5
LH:5
BRF:0
BRH:0
end_of_record
TN:
SF:src\client\components\header\search\Search.js
FN:8,(anonymous_0)
FN:21,(anonymous_1)
FN:22,(anonymous_2)
FN:32,(anonymous_3)
FN:55,(anonymous_4)
FN:60,(anonymous_5)
FNF:6
FNH:6
FNDA:1,(anonymous_0)
FNDA:2,(anonymous_1)
FNDA:2,(anonymous_2)
FNDA:3,(anonymous_3)
FNDA:1,(anonymous_4)
FNDA:1,(anonymous_5)
DA:9,1
DA:10,1
DA:21,1
DA:22,2
DA:23,2
DA:24,2
DA:34,3
DA:39,3
DA:44,3
DA:55,1
DA:60,1
LF:11
LH:11
BRF:0
BRH:0
end_of_record
TN:
SF:src\client\components\movies\Movie\Movie.js
FN:4,(anonymous_0)
FNF:1
FNH:1
FNDA:1,(anonymous_0)
DA:4,1
DA:14,1
DA:16,1
LF:3
LH:3
BRF:0
BRH:0
end_of_record
TN:
SF:src\client\components\shared\toggleButton\ToggleButton.js
FN:4,(anonymous_0)
FNF:1
FNH:1
FNDA:13,(anonymous_0)
DA:4,4
DA:10,13
DA:12,13
DA:23,4
LF:4
LH:4
BRF:0
BRH:0
end_of_record
TN:
SF:src\client\components\sortbar\Sortbar.js
FN:8,(anonymous_0)
FN:24,(anonymous_1)
FN:51,(anonymous_2)
FN:56,(anonymous_3)
FNF:4
FNH:4
FNDA:3,(anonymous_0)
FNDA:2,(anonymous_1)
FNDA:1,(anonymous_2)
FNDA:1,(anonymous_3)
DA:8,1
DA:10,3
DA:22,3
DA:24,3
DA:25,2
DA:26,2
DA:33,3
DA:38,3
DA:43,3
DA:44,3
DA:51,1
DA:56,1
DA:64,0
LF:13
LH:12
BRDA:43,0,0,3
BRDA:43,0,1,0
BRF:2
BRH:1
end_of_record
TN:
SF:src\client\store\store.js
FN:72,getAllMovies
FN:73,(anonymous_1)
FN:75,(anonymous_2)
FN:84,getMovieById
FN:85,(anonymous_4)
FN:87,(anonymous_5)
FN:88,(anonymous_6)
FNF:7
FNH:2
FNDA:0,getAllMovies
FNDA:0,(anonymous_1)
FNDA:0,(anonymous_2)
FNDA:3,getMovieById
FNDA:3,(anonymous_4)
FNDA:0,(anonymous_5)
FNDA:0,(anonymous_6)
DA:2,2
DA:73,0
DA:74,0
DA:75,0
DA:76,0
DA:79,0
DA:85,3
DA:86,3
DA:87,3
DA:88,0
DA:89,0
DA:90,0
DA:92,0
DA:96,0
LF:14
LH:4
BRDA:74,0,0,0
BRDA:74,0,1,0
BRDA:86,1,0,3
BRDA:86,1,1,0
BRDA:89,2,0,0
BRDA:89,2,1,0
BRF:6
BRH:1
end_of_record
